Validation results for lg235/w04
=====================================

----------- Exercise: list-operations
Running 13 testcases: FAILED at test listoperations-03-generated
Input was:<append Dunst
print
set 0 Hello
print
pop
print
sort
print
remove-all jugendlich
print
append ein
print
reverse
print
append Fehler
print
remove-all Fehler
print
append euren
print
append Schatten
print
> expected:<...unst
:: Hello
::
::
[]::
:: ein
:: ein
:: ...> but was:<...unst
:: Hello
::
::
[DOES NOT COMPUTE
]::
:: ein
:: ein
:: ...>


Punkte: 0.0/2

	* Tests failing 0.0 P
	* Style inherit 0.0 P
	* CodeQ inherit 0.0 P

Kommentar(e):
	* 


----------- Exercise: anagrams
Running 22 testcases: ALL PASSED

Punkte: 2.0/2

	* Tests passing 1.0 P
	* Style passing 0.5 P
	* CodeQ passing 0.5 P

Kommentar(e):
	* DocStrings etwas ausführlicher. Im Sinne von StringA und StringB besser
	* beschreiben, genauso auch den @return befüllen.


----------- Exercise: phone-book
NO SUBMISSION FOUND (../lg235/w04/phone-book/src does not exist)
Punkte: 0.0/2

	* Tests useless 0.0 P
	* Style inherit 0.0 P
	* CodeQ inherit 0.0 P

Kommentar(e):
	* 


----------- Exercise: unique-chars
Running 28 testcases: FAILED at test unique-chars-03
java.lang.NoSuchMethodException: uniquechars.Main.allUniqueChars(java.util.Map, java.util.List)
	at java.lang.Class.getMethod(Class.java:1786)
	at uniquechars.MainTest.methodFromFileName(MainTest.java:528)
	at uniquechars.MainTest.lambda$TestFcall$3(MainTest.java:1004)
	at uniquechars.MainTest.runTestcases(MainTest.java:349)
	at uniquechars.MainTest.TestFcall(MainTest.java:999)
	at sun.reflect.NativeMethodAccessorImpl.invoke0(Native Method)
	at sun.reflect.NativeMethodAccessorImpl.invoke(NativeMethodAccessorImpl.java:62)
	at sun.reflect.DelegatingMethodAccessorImpl.invoke(DelegatingMethodAccessorImpl.java:43)
	at java.lang.reflect.Method.invoke(Method.java:498)
	at org.junit.runners.model.FrameworkMethod$1.runReflectiveCall(FrameworkMethod.java:50)
	at org.junit.internal.runners.model.ReflectiveCallable.run(ReflectiveCallable.java:12)
	at org.junit.runners.model.FrameworkMethod.invokeExplosively(FrameworkMethod.java:47)
	at org.junit.internal.runners.statements.InvokeMethod.evaluate(InvokeMethod.java:17)
	at org.junit.internal.runners.statements.RunBefores.evaluate(RunBefores.java:26)
	at org.junit.internal.runners.statements.RunAfters.evaluate(RunAfters.java:27)
	at org.junit.runners.ParentRunner.runLeaf(ParentRunner.java:325)
	at org.junit.runners.BlockJUnit4ClassRunner.runChild(BlockJUnit4ClassRunner.java:78)
	at org.junit.runners.BlockJUnit4ClassRunner.runChild(BlockJUnit4ClassRunner.java:57)
	at org.junit.runners.ParentRunner$3.run(ParentRunner.java:290)
	at org.junit.runners.ParentRunner$1.schedule(ParentRunner.java:71)
	at org.junit.runners.ParentRunner.runChildren(ParentRunner.java:288)
	at org.junit.runners.ParentRunner.access$000(ParentRunner.java:58)
	at org.junit.runners.ParentRunner$2.evaluate(ParentRunner.java:268)
	at org.junit.internal.runners.statements.RunAfters.evaluate(RunAfters.java:27)
	at org.junit.runners.ParentRunner.run(ParentRunner.java:363)
	at junit.framework.JUnit4TestAdapter.run(JUnit4TestAdapter.java:38)
	at org.apache.tools.ant.taskdefs.optional.junit.JUnitTestRunner.run(JUnitTestRunner.java:535)
	at org.apache.tools.ant.taskdefs.optional.junit.JUnitTestRunner.launch(JUnitTestRunner.java:1182)
	at org.apache.tools.ant.taskdefs.optional.junit.JUnitTestRunner.main(JUnitTestRunner.java:1033)


Punkte: 0.0/2

	* Tests failing 0.0 P
	* Style inherit 0.0 P
	* CodeQ inherit 0.0 P

Kommentar(e):
	* 

----------- General

Punkte: 2.0/8

Kommentar(e):
	* 

Bei Fragen/Unklarheiten/Kritik/Verwirrungen/etc. schreibe mir gerne eine E-Mail.
